<?xml version="1.0" encoding="UTF-8"?>
<!-- Generated by org.testng.reporters.JUnitReportReporter -->
<testsuite skipped="0" hostname="LIN39000311" name="pack1.NewTest1" tests="2" failures="0" timestamp="01 May 2019 08:24:02 GMT" time="0.033" errors="0">
  <testcase name="f" time="0.028" classname="pack1.NewTest1"/>
  <testcase name="h" time="0.005" classname="pack1.NewTest1"/>
</testsuite> <!-- pack1.NewTest1 -->
