<?xml version="1.0" encoding="UTF-8"?>
<!-- Generated by org.testng.reporters.JUnitReportReporter -->
<testsuite skipped="0" hostname="LIN39000311" name="pack1.NewTest1" tests="2" failures="0" timestamp="01 May 2019 13:06:00 GMT" time="0.014" errors="0">
  <testcase name="h" time="0.003" classname="pack1.NewTest1"/>
  <testcase name="f" time="0.011" classname="pack1.NewTest1"/>
</testsuite> <!-- pack1.NewTest1 -->
