<?xml version="1.0" encoding="UTF-8"?>
<!-- Generated by org.testng.reporters.JUnitReportReporter -->
<testsuite skipped="0" hostname="LIN39000311" name="pack1.NewTest1" tests="1" failures="0" timestamp="14 Mar 2019 10:26:23 GMT" time="0.017" errors="0">
  <testcase name="f" time="0.017" classname="pack1.NewTest1"/>
</testsuite> <!-- pack1.NewTest1 -->
