<?xml version="1.0" encoding="UTF-8"?>
<!-- Generated by org.testng.reporters.JUnitReportReporter -->
<testsuite skipped="0" hostname="LIN39000311" name="pack1.NewTest1" tests="1" failures="0" timestamp="01 May 2019 08:00:59 GMT" time="0.013" errors="0">
  <testcase name="f" time="0.013" classname="pack1.NewTest1"/>
</testsuite> <!-- pack1.NewTest1 -->
